10K 212x256, 56828, p=row, dropout=.5, 20E
--------------------------------------
Train Losses: 35.21%, 74.17%, 83.73%, 86.70%, 88.53%, 90.00%, 91.10%, 91.35%, 92.55%, 92.49%, 93.35%, 93.18%, 94.21%, 94.20%, 94.43%, 95.04%, 95.19%, 95.56%, 95.67%, 95.86%,
Val Losses: 63.78%, 83.47%, 86.87%, 88.43%, 89.93%, 90.52%, 91.25%, 91.57%, 91.95%, 92.35%, 92.55%, 92.88%, 93.02%, 93.30%, 93.65%, 93.77%, 93.92%, 94.27%, 94.30%, 94.32%,

Final test: (60000)
Train Loss: 0.136 | Train Acc: 95.86%
Val. Loss: 0.195 |  Val. Acc: 94.44%

10K 212x256, 56828, p=row, dropout=0, 20E
-------------------------------------
Train Losses: 38.24%, 80.63%, 87.62%, 89.86%, 91.35%, 92.41%, 93.41%, 94.04%, 94.48%, 95.23%, 95.68%, 96.05%, 96.36%, 96.91%, 97.20%, 97.48%, 97.76%, 98.06%, 98.05%, 98.46%,
Val Losses: 68.12%, 84.83%, 87.58%, 89.02%, 90.42%, 90.92%, 91.45%, 92.02%, 92.72%, 92.72%, 92.80%, 92.92%, 93.47%, 93.60%, 93.78%, 93.95%, 93.87%, 94.30%, 94.25%, 94.23%,

Final test: (60000)
Train Loss: 0.062 | Train Acc: 98.46%
Val. Loss: 0.198 |  Val. Acc: 94.42%

2K, 212x256, 56828, p=row, dropout=0, 100E
------------------------------------------
Train Losses: 10.35%, 27.75%, 41.05%, 51.95%, 61.15%, 74.95%, 80.50%, 84.10%, 85.90%, 88.00%, 88.60%, 89.70%, 90.45%, 90.95%, 91.20%, 92.10%, 92.30%, 92.85%, 92.95%, 93.10%, 93.65%, 93.95%, 94.50%, 94.80%, 94.90%, 95.05%, 95.30%, 96.10%, 96.30%, 96.45%, 96.45%, 96.85%, 97.10%, 97.10%, 97.35%, 97.55%, 98.00%, 98.30%, 98.40%, 98.40%, 98.75%, 98.75%, 99.00%, 99.15%, 99.10%, 99.20%, 99.35%, 99.50%, 99.65%, 99.75%, 99.70%, 99.75%, 99.80%, 99.80%, 99.80%, 99.80%, 99.90%, 99.80%, 99.90%, 99.90%, 99.90%, 99.95%, 99.90%, 99.95%, 99.90%, 100.00%, 99.95%, 100.00%, 100.00%, 100.00%, 100.00%, 100.00%, 100.00%, 100.00%, 100.00%, 100.00%, 100.00%, 100.00%, 100.00%, 100.00%, 100.00%, 100.00%, 100.00%, 100.00%, 100.00%, 100.00%, 100.00%, 100.00%, 100.00%, 100.00%, 100.00%, 100.00%, 100.00%, 100.00%, 100.00%, 100.00%, 100.00%, 100.00%, 100.00%, 100.00%,
Val Losses: 13.25%, 34.45%, 42.13%, 52.78%, 64.50%, 76.12%, 79.30%, 81.48%, 83.37%, 84.48%, 84.92%, 85.62%, 86.18%, 86.50%, 86.77%, 87.37%, 87.68%, 87.83%, 88.03%, 88.15%, 88.33%, 88.45%, 88.57%, 88.70%, 88.97%, 88.85%, 89.25%, 88.92%, 89.37%, 89.60%, 89.38%, 89.73%, 89.67%, 89.70%, 89.85%, 89.83%, 90.07%, 89.93%, 90.12%, 90.30%, 90.18%, 90.25%, 90.35%, 90.32%, 90.42%, 90.42%, 90.52%, 90.58%, 90.60%, 90.67%, 90.62%, 90.72%, 90.68%, 90.70%, 90.73%, 90.70%, 90.72%, 90.80%, 90.70%, 90.75%, 90.75%, 90.70%, 90.72%, 90.80%, 90.68%, 90.77%, 90.83%, 90.82%, 90.82%, 90.87%, 90.77%, 90.83%, 90.87%, 90.75%, 90.85%, 90.88%, 90.80%, 90.83%, 90.82%, 90.88%, 90.88%, 90.83%, 90.72%, 90.80%, 90.73%, 90.75%, 90.75%, 90.80%, 90.78%, 90.80%, 90.83%, 90.75%, 90.75%, 90.82%, 90.85%, 90.78%, 90.80%, 90.80%, 90.87%, 90.77%,

Final test: (60000)
Train Loss: 0.004 | Train Acc: 100.00%
Val. Loss: 0.437 |  Val. Acc: 91.15%
