40E, h=106, m=128, 14852, p=row
-------------------------------
Train Losses: 0.277, 0.649, 0.756, 0.802, 0.829, 0.844, 0.859, 0.864, 0.871, 0.875, 0.881, 0.889, 0.891, 0.894, 0.897, 0.904, 0.902, 0.908, 0.913, 0.912, 0.913, 0.915, 0.914, 0.917, 0.919, 0.925, 0.924, 0.924, 0.925, 0.927, 0.931, 0.930, 0.933, 0.930, 0.934, 0.933, 0.937, 0.937, 0.937, 0.934
Val Losses: 0.650, 0.782, 0.833, 0.854, 0.864, 0.871, 0.880, 0.885, 0.891, 0.893, 0.897, 0.901, 0.903, 0.906, 0.907, 0.910, 0.911, 0.913, 0.915, 0.916, 0.918, 0.920, 0.921, 0.922, 0.923, 0.924, 0.926, 0.927, 0.928, 0.928, 0.928, 0.930, 0.931, 0.932, 0.932, 0.933, 0.935, 0.934, 0.934, 0.938

Final test:
Train Loss: 0.209 | Train Acc: 93.43%
Val. Loss: 0.209 |  Val. Acc: 94.14%

40E, h=106, m=100, 11884, p=row
-------------------------------
Final test:
Train Loss: 0.241 | Train Acc: 92.64%
Val. Loss: 0.225 |  Val. Acc: 93.49%

40E, h=53, m=100, 7432, p=row
-----------------------------
Train Losses: 18.00%, 45.57%, 62.99%, 70.41%, 75.19%, 78.08%, 79.31%, 80.86%, 81.74%, 82.75%, 83.42%, 84.61%, 84.87%, 84.76%, 85.98%, 85.53%, 85.74%, 86.06%, 86.71%, 86.66%, 87.00%, 86.92%, 86.97%, 87.50%, 87.37%, 87.46%, 87.87%, 88.26%, 88.36%, 88.11%, 88.41%, 88.39%, 88.46%, 88.12%, 88.69%, 88.32%, 88.58%, 88.75%, 88.89%, 89.54%,
Val Losses: 27.72%, 71.47%, 79.08%, 82.23%, 84.10%, 85.23%, 86.62%, 86.82%, 87.50%, 87.98%, 88.10%, 88.42%, 88.80%, 89.30%, 89.40%, 89.37%, 89.73%, 90.13%, 90.38%, 90.38%, 90.58%, 90.57%, 90.53%, 90.88%, 91.12%, 91.17%, 91.23%, 91.37%, 91.30%, 91.58%, 91.83%, 91.57%, 91.68%, 91.68%, 91.72%, 92.08%, 92.00%, 92.10%, 92.03%, 92.05%,

Final test:
Train Loss: 0.344 | Train Acc: 89.54%
Val. Loss: 0.267 |  Val. Acc: 92.27%

40E, h=53, m=64, 4040, p=row
-----------------------------
Train Losses: 13.06%, 33.80%, 46.39%, 57.50%, 64.40%, 69.72%, 71.82%, 74.73%, 75.35%, 76.60%, 78.08%, 78.97%, 78.73%, 80.17%, 80.61%, 80.67%, 80.76%, 81.82%, 81.71%, 82.41%, 82.74%, 82.88%, 83.06%, 83.38%, 83.71%, 83.96%, 84.42%, 84.41%, 84.41%, 84.65%, 84.78%, 85.08%, 85.08%, 85.44%, 85.44%, 85.90%, 85.70%, 86.13%, 86.10%, 86.12%,
Val Losses: 27.97%, 55.30%, 67.20%, 73.73%, 76.95%, 78.95%, 80.30%, 81.10%, 82.47%, 83.62%, 84.02%, 84.65%, 85.38%, 85.48%, 86.05%, 86.37%, 86.67%, 87.13%, 87.25%, 87.47%, 87.72%, 88.07%, 88.23%, 88.43%, 88.53%, 88.73%, 88.93%, 88.98%, 89.10%, 89.28%, 89.40%, 89.53%, 89.55%, 89.78%, 89.85%, 89.97%, 90.03%, 90.08%, 90.18%, 90.25%,

Final test:
Train Loss: 0.454 | Train Acc: 86.12%
Val. Loss: 0.329 |  Val. Acc: 90.76%

40E, h=30, m=32, 1332, p=row
-----------------------------
Train Losses: 10.29%, 16.48%, 29.90%, 39.74%, 45.14%, 50.05%, 53.24%, 55.67%, 56.87%, 58.18%, 59.06%, 61.27%, 61.12%, 62.61%, 63.39%, 63.77%, 65.01%, 65.28%, 64.97%, 65.74%, 65.69%, 66.63%, 67.35%, 67.54%, 68.64%, 68.26%, 68.54%, 69.31%, 69.72%, 70.05%, 70.01%, 70.09%, 70.55%, 70.56%, 71.26%, 70.37%, 71.43%, 71.34%, 70.89%, 71.73%,
Val Losses: 9.88%, 32.97%, 47.53%, 60.35%, 64.20%, 65.63%, 66.73%, 67.35%, 68.07%, 69.07%, 70.35%, 71.43%, 71.98%, 73.13%, 73.37%, 74.13%, 75.30%, 76.05%, 76.25%, 76.87%, 77.17%, 78.07%, 78.08%, 78.78%, 79.03%, 79.12%, 79.57%, 79.83%, 80.22%, 80.68%, 80.73%, 80.80%, 81.00%, 81.13%, 81.37%, 81.17%, 81.32%, 81.37%, 81.65%, 81.60%,

Final test:
Train Loss: 0.862 | Train Acc: 71.73%
Val. Loss: 0.640 |  Val. Acc: 82.10%

40E, h=30, m=64, 2292, p=row
-----------------------------
Train Losses: 11.16%, 26.98%, 36.92%, 45.59%, 51.64%, 56.83%, 59.17%, 62.51%, 63.76%, 64.77%, 66.00%, 66.11%, 67.01%, 67.69%, 68.45%, 68.24%, 69.91%, 69.86%, 70.05%, 70.47%, 70.90%, 71.35%, 71.17%, 71.37%, 71.66%, 71.68%, 72.61%, 72.99%, 73.53%, 73.44%, 74.72%, 74.18%, 74.57%, 74.26%, 74.39%, 74.95%, 75.05%, 75.40%, 75.73%, 75.93%,
Val Losses: 22.63%, 48.27%, 57.52%, 68.17%, 71.22%, 73.92%, 76.28%, 78.00%, 78.77%, 79.68%, 80.00%, 80.83%, 81.40%, 81.62%, 81.92%, 82.48%, 82.92%, 82.72%, 83.35%, 83.80%, 84.02%, 83.65%, 84.15%, 84.27%, 84.43%, 85.02%, 85.47%, 85.43%, 85.85%, 85.98%, 86.42%, 86.45%, 86.68%, 86.50%, 86.67%, 87.10%, 87.18%, 87.20%, 87.32%, 87.52%,

Final test:
Train Loss: 0.728 | Train Acc: 75.93%
Val. Loss: 0.445 |  Val. Acc: 87.78%
