2K20E, p=row, 56828
-------------------
Train Losses: 10.70%, 12.80%, 16.05%, 18.90%, 19.10%, 21.25%, 21.35%, 23.95%, 26.65%, 28.70%, 29.90%, 31.70%, 32.85%, 32.85%, 34.75%, 35.15%, 37.10%, 39.40%, 39.20%, 39.65%,
Val Losses: 12.00%, 14.52%, 16.66%, 17.42%, 18.26%, 20.32%, 21.40%, 22.62%, 24.14%, 24.28%, 25.42%, 25.66%, 26.18%, 26.64%, 27.28%, 27.78%, 27.82%, 28.82%, 28.74%, 29.12%,

Final test: (50000)
Train Loss: 1.770 | Train Acc: 39.65%
Val. Loss: 2.015 |  Val. Acc: 29.25%

2K20E, p=None, 56828
--------------------
Train Losses: 10.45%, 10.30%, 13.10%, 15.25%, 19.60%, 21.70%, 22.55%, 23.15%, 25.00%, 25.95%, 27.05%, 28.90%, 30.00%, 31.80%, 32.90%, 33.85%, 35.05%, 35.85%, 38.00%, 39.15%,
Val Losses: 10.62%, 11.78%, 14.44%, 15.92%, 18.72%, 20.12%, 20.24%, 21.18%, 21.64%, 21.88%, 22.86%, 23.08%, 23.38%, 23.94%, 23.70%, 24.56%, 24.50%, 25.22%, 25.32%, 25.52%,

Final test: (50000)
Train Loss: 1.792 | Train Acc: 39.15%
Val. Loss: 2.094 |  Val. Acc: 25.20%

2K20E, p=pixel, 166092
----------------------
Train Losses: 10.80%, 16.80%, 18.30%, 19.45%, 22.20%, 25.35%, 26.60%, 28.55%, 32.00%, 31.95%, 32.05%, 34.60%, 36.05%, 37.65%, 38.95%, 40.20%, 40.60%, 42.05%, 43.05%, 42.80%,
Val Losses: 13.58%, 18.72%, 19.22%, 19.58%, 21.78%, 23.76%, 24.78%, 25.86%, 26.92%, 27.12%, 27.88%, 28.74%, 28.80%, 29.34%, 30.04%, 29.72%, 30.14%, 30.16%, 30.66%, 30.90%,

Final test: (50000)
Train Loss: 1.642 | Train Acc: 42.80%
Val. Loss: 1.977 |  Val. Acc: 30.58%

2K20E, p=None, 166092
---------------------
Train Losses: 9.35%, 12.95%, 14.00%, 18.90%, 23.40%, 24.35%, 26.35%, 27.70%, 29.85%, 32.10%, 33.50%, 35.60%, 38.00%, 39.70%, 40.90%, 43.90%, 44.80%, 48.35%, 49.35%, 52.85%,
Val Losses: 10.66%, 16.08%, 15.08%, 18.82%, 20.10%, 20.30%, 20.48%, 21.26%, 22.22%, 22.26%, 22.60%, 22.96%, 23.80%, 23.62%, 24.14%, 24.28%, 24.98%, 25.34%, 25.80%, 25.86%,

Final test: (50000)
Train Loss: 1.461 | Train Acc: 52.85%
Val. Loss: 2.181 |  Val. Acc: 24.58%
===================================================

10K20E, p=pixel, 166092
----------------------
Train Losses: 15.85%, 24.72%, 29.27%, 32.13%, 34.21%, 35.40%, 36.25%, 37.62%, 38.39%, 39.55%, 40.61%, 40.95%, 42.35%, 42.89%, 42.97%, 43.99%, 43.92%, 45.19%, 46.47%, 46.52%,
Val Losses: 22.90%, 27.82%, 30.78%, 33.40%, 34.78%, 35.44%, 35.70%, 36.12%, 35.82%, 36.46%, 36.72%, 36.92%, 37.44%, 37.52%, 37.48%, 38.14%, 37.78%, 38.32%, 38.60%, 38.68%,

Final test: (50000)
Train Loss: 1.525 | Train Acc: 46.52%
Val. Loss: 1.761 |  Val. Acc: 38.65%
