10E, h=212, m=256, 56828, p=row
-------------------------------
Train Losses: 35.21%, 74.17%, 83.73%, 86.70%, 88.53%, 90.00%, 91.10%, 91.35%, 92.55%, 92.49%,
Val Losses: 63.78%, 83.47%, 86.87%, 88.43%, 89.93%, 90.52%, 91.25%, 91.57%, 91.95%, 92.35%,

Final test: (60000)
Train Loss: 0.246 | Train Acc: 92.49%
Val. Loss: 0.258 |  Val. Acc: 92.50%

20E, h=212, m=256, 56828, p=row
-------------------------------
Train Losses: 35.21%, 74.17%, 83.73%, 86.70%, 88.53%, 90.00%, 91.10%, 91.35%, 92.55%, 92.49%, 93.35%, 93.18%, 94.21%, 94.20%, 94.43%, 95.04%, 95.19%, 95.56%, 95.67%, 95.86%,
Val Losses: 63.78%, 83.47%, 86.87%, 88.43%, 89.93%, 90.52%, 91.25%, 91.57%, 91.95%, 92.35%, 92.55%, 92.88%, 93.02%, 93.30%, 93.65%, 93.77%, 93.92%, 94.27%, 94.30%, 94.32%,

Final test: (60000)
Train Loss: 0.136 | Train Acc: 95.86%
Val. Loss: 0.195 |  Val. Acc: 94.44%

1K100E, 212x256,56828, p=row
----------------------------
Train Losses: 10.50%, 12.60%, 16.60%, 26.10%, 36.80%, 45.40%, 49.40%, 52.80%, 54.40%, 59.80%, 64.40%, 69.40%, 74.70%, 78.00%, 78.50%, 78.50%, 80.50%, 82.50%, 82.60%, 84.00%, 84.40%, 86.10%, 86.10%, 86.70%, 87.10%, 88.60%, 89.30%, 88.20%, 88.90%, 89.20%, 90.80%, 89.90%, 90.80%, 90.10%, 91.40%, 91.40%, 92.70%, 92.50%, 91.80%, 92.40%, 92.10%, 93.00%, 92.60%, 92.00%, 92.60%, 93.60%, 92.30%, 92.80%, 92.50%, 93.40%, 93.70%, 93.80%, 93.90%, 94.20%, 94.10%, 95.60%, 95.50%, 94.60%, 95.40%, 95.20%, 95.10%, 95.80%, 95.30%, 95.80%, 95.60%, 95.70%, 95.70%, 95.80%, 95.90%, 96.50%, 97.10%, 97.00%, 96.70%, 96.60%, 96.80%, 97.20%, 97.60%, 96.70%, 97.30%, 97.60%, 97.30%, 97.20%, 97.20%, 97.50%, 97.70%, 97.10%, 97.80%, 98.10%, 97.60%, 98.10%, 97.90%, 97.90%, 97.90%, 98.40%, 98.50%, 98.30%, 97.70%, 98.40%, 99.10%, 98.00%,
Val Losses: 0.00%, 0.00%, 0.00%, 0.00%, 42.85%, 42.85%, 42.85%, 42.85%, 42.85%, 60.37%, 60.37%, 60.37%, 60.37%, 60.37%, 78.53%, 78.53%, 78.53%, 78.53%, 78.53%, 82.82%, 82.82%, 82.82%, 82.82%, 82.82%, 84.73%, 84.73%, 84.73%, 84.73%, 84.73%, 85.47%, 85.47%, 85.47%, 85.47%, 85.47%, 86.12%, 86.12%, 86.12%, 86.12%, 86.12%, 86.45%, 86.45%, 86.45%, 86.45%, 86.45%, 86.88%, 86.88%, 86.88%, 86.88%, 86.88%, 87.23%, 87.23%, 87.23%, 87.23%, 87.23%, 87.32%, 87.32%, 87.32%, 87.32%, 87.32%, 87.52%, 87.52%, 87.52%, 87.52%, 87.52%, 87.67%, 87.67%, 87.67%, 87.67%, 87.67%, 87.75%, 87.75%, 87.75%, 87.75%, 87.75%, 87.83%, 87.83%, 87.83%, 87.83%, 87.83%, 87.78%, 87.78%, 87.78%, 87.78%, 87.78%, 87.93%, 87.93%, 87.93%, 87.93%, 87.93%, 88.10%, 88.10%, 88.10%, 88.10%, 88.10%, 88.17%, 88.17%, 88.17%, 88.17%, 88.17%, 87.90%,

Final test: (60000)
Train Loss: 0.072 | Train Acc: 98.00%
Val. Loss: 0.438 |  Val. Acc: 88.43%

=========================================
Fashion:
20E, h=212, m=256, 56828, p=row
-------------------------------

