lmu_psmnist, E=10, 102,027 trainable parameters
-----------------------------------------------
N_h = 212 # dimension of the hidden state
N_m = 256 # dimension of the memory

Train Loss: 0.690 | Train Acc: 78.18%
Val. Loss: 0.368 |  Val. Acc: 89.37%

Train Loss: 0.309 | Train Acc: 90.71%
Val. Loss: 0.224 |  Val. Acc: 93.24%

Train Loss: 0.203 | Train Acc: 93.84%
Val. Loss: 0.169 |  Val. Acc: 94.94%

Train Loss: 0.146 | Train Acc: 95.56%
Val. Loss: 0.137 |  Val. Acc: 95.79%

Train Loss: 0.115 | Train Acc: 96.43%
Val. Loss: 0.126 |  Val. Acc: 95.96%

Train Loss: 0.093 | Train Acc: 97.06%
Val. Loss: 0.110 |  Val. Acc: 96.51%

Train Loss: 0.076 | Train Acc: 97.58%
Val. Loss: 0.116 |  Val. Acc: 96.35%

Train Loss: 0.062 | Train Acc: 98.01%
Val. Loss: 0.110 |  Val. Acc: 96.53%

Train Loss: 0.052 | Train Acc: 98.38%
Val. Loss: 0.097 |  Val. Acc: 97.02%

Train Loss: 0.044 | Train Acc: 98.57%
Val. Loss: 0.107 |  Val. Acc: 96.80%

lmu_fft_psmnist, E=10 60k
------------------------
Train Loss: 0.709 | Train Acc: 80.06%
Val. Loss: 0.268 |  Val. Acc: 92.60%

Train Loss: 0.268 | Train Acc: 92.16%
Val. Loss: 0.178 |  Val. Acc: 94.85%

Train Loss: 0.195 | Train Acc: 94.32%
Val. Loss: 0.134 |  Val. Acc: 95.88%

Train Loss: 0.159 | Train Acc: 95.34%
Val. Loss: 0.112 |  Val. Acc: 96.54%

Train Loss: 0.136 | Train Acc: 96.01%
Val. Loss: 0.097 |  Val. Acc: 97.01%

Train Loss: 0.119 | Train Acc: 96.46%
Val. Loss: 0.089 |  Val. Acc: 97.30%

Train Loss: 0.106 | Train Acc: 96.78%
Val. Loss: 0.083 |  Val. Acc: 97.44%

Train Loss: 0.098 | Train Acc: 97.10%
Val. Loss: 0.076 |  Val. Acc: 97.63%

Train Loss: 0.088 | Train Acc: 97.32%
Val. Loss: 0.073 |  Val. Acc: 97.78%

Epoch: 10/10
Train Loss: 0.081 | Train Acc: 97.54%
Val. Loss: 0.072 |  Val. Acc: 97.75%
-----

Train Loss: 0.076 | Train Acc: 97.64%
Val. Loss: 0.072 |  Val. Acc: 97.82%

Train Loss: 0.069 | Train Acc: 97.81%
Val. Loss: 0.067 |  Val. Acc: 98.02%

Train Loss: 0.063 | Train Acc: 97.97%
Val. Loss: 0.069 |  Val. Acc: 97.96%

Train Loss: 0.064 | Train Acc: 97.95%
Val. Loss: 0.070 |  Val. Acc: 97.97%

Train Loss: 0.059 | Train Acc: 98.09%
Val. Loss: 0.068 |  Val. Acc: 97.94%

lmu_fft_psmnist, E=10 10k
-------------------------
Train Loss: 1.926 | Train Acc: 48.34%
Val. Loss: 1.036 |  Val. Acc: 76.26%

Train Loss: 0.672 | Train Acc: 81.36%
Val. Loss: 0.494 |  Val. Acc: 86.21%

Epoch: 10/10
Train Loss: 0.198 | Train Acc: 94.00%
Val. Loss: 0.250 |  Val. Acc: 92.67%
----
Epoch: 01/10
Train Loss: 1.926 | Train Acc: 48.34%
Val. Loss: 1.036 |  Val. Acc: 76.26%

Epoch: 02/10
Train Loss: 0.665 | Train Acc: 81.55%
Val. Loss: 0.491 |  Val. Acc: 86.16%

Epoch: 03/10
Train Loss: 0.444 | Train Acc: 87.19%
Val. Loss: 0.401 |  Val. Acc: 88.48%

Epoch: 04/10
Train Loss: 0.374 | Train Acc: 88.95%
Val. Loss: 0.363 |  Val. Acc: 89.40%

Epoch: 05/10
Train Loss: 0.328 | Train Acc: 90.44%
Val. Loss: 0.336 |  Val. Acc: 90.22%

Epoch: 06/10
Train Loss: 0.298 | Train Acc: 91.17%
Val. Loss: 0.311 |  Val. Acc: 90.94%

Epoch: 07/10
Train Loss: 0.265 | Train Acc: 92.34%
Val. Loss: 0.293 |  Val. Acc: 91.41%

Epoch: 08/10
Train Loss: 0.242 | Train Acc: 92.86%
Val. Loss: 0.278 |  Val. Acc: 91.88%

Epoch: 09/10
Train Loss: 0.220 | Train Acc: 93.50%
Val. Loss: 0.265 |  Val. Acc: 92.29%

Epoch: 10/10
Train Loss: 0.198 | Train Acc: 94.05%
Val. Loss: 0.253 |  Val. Acc: 92.59%